[2026-05-03T17:37:21.113+0000] {taskinstance.py:1956} INFO - Dependencies all met for dep_context=non-requeueable deps ti=<TaskInstance: fraud_dwh_full_pipeline.create_schemas manual__2026-05-03T17:37:20.315696+00:00 [queued]>
[2026-05-03T17:37:21.122+0000] {taskinstance.py:1956} INFO - Dependencies all met for dep_context=requeueable deps ti=<TaskInstance: fraud_dwh_full_pipeline.create_schemas manual__2026-05-03T17:37:20.315696+00:00 [queued]>
[2026-05-03T17:37:21.122+0000] {taskinstance.py:2170} INFO - Starting attempt 1 of 2
[2026-05-03T17:37:21.135+0000] {taskinstance.py:2191} INFO - Executing <Task(PythonOperator): create_schemas> on 2026-05-03 17:37:20.315696+00:00
[2026-05-03T17:37:21.141+0000] {standard_task_runner.py:60} INFO - Started process 53 to run task
[2026-05-03T17:37:21.144+0000] {standard_task_runner.py:87} INFO - Running: ['***', 'tasks', 'run', 'fraud_dwh_full_pipeline', 'create_schemas', 'manual__2026-05-03T17:37:20.315696+00:00', '--job-id', '6', '--raw', '--subdir', 'DAGS_FOLDER/fraud_dwh_pipeline.py', '--cfg-path', '/tmp/tmp_js86x9o']
[2026-05-03T17:37:21.145+0000] {standard_task_runner.py:88} INFO - Job 6: Subtask create_schemas
[2026-05-03T17:37:21.158+0000] {warnings.py:109} WARNING - /home/***/.local/lib/python3.9/site-packages/***/settings.py:194: DeprecationWarning: The sql_alchemy_conn option in [core] has been moved to the sql_alchemy_conn option in [database] - the old setting has been used, but please update your config.
  SQL_ALCHEMY_CONN = conf.get("database", "SQL_ALCHEMY_CONN")

[2026-05-03T17:37:21.185+0000] {task_command.py:423} INFO - Running <TaskInstance: fraud_dwh_full_pipeline.create_schemas manual__2026-05-03T17:37:20.315696+00:00 [running]> on host 99ecb32bc6c5
[2026-05-03T17:37:21.246+0000] {taskinstance.py:2480} INFO - Exporting env vars: AIRFLOW_CTX_DAG_OWNER='***' AIRFLOW_CTX_DAG_ID='fraud_dwh_full_pipeline' AIRFLOW_CTX_TASK_ID='create_schemas' AIRFLOW_CTX_EXECUTION_DATE='2026-05-03T17:37:20.315696+00:00' AIRFLOW_CTX_TRY_NUMBER='1' AIRFLOW_CTX_DAG_RUN_ID='manual__2026-05-03T17:37:20.315696+00:00'
[2026-05-03T17:37:21.253+0000] {base.py:83} INFO - Using connection ID 'postgres' for task execution.
[2026-05-03T17:37:21.253+0000] {sql.py:218} WARNING - This setter is for backward compatibility and should not be used.
Since the introduction of connection property, the providers listed below breaks due to assigning value to self.connection in their __init__ method.
* apache-***-providers-mysql<5.7.1
* apache-***-providers-elasticsearch<5.5.1
* apache-***-providers-postgres<5.13.0
[2026-05-03T17:37:21.292+0000] {sql.py:553} INFO - Running statement: 
    CREATE SCHEMA IF NOT EXISTS ods;
    CREATE SCHEMA IF NOT EXISTS dds;
    CREATE SCHEMA IF NOT EXISTS cdm;
    , parameters: None
[2026-05-03T17:37:21.318+0000] {python.py:201} INFO - Done. Returned value was: None
[2026-05-03T17:37:21.326+0000] {taskinstance.py:1138} INFO - Marking task as SUCCESS. dag_id=fraud_dwh_full_pipeline, task_id=create_schemas, execution_date=20260503T173720, start_date=20260503T173721, end_date=20260503T173721
[2026-05-03T17:37:21.356+0000] {local_task_job_runner.py:234} INFO - Task exited with return code 0
[2026-05-03T17:37:21.386+0000] {taskinstance.py:3280} INFO - 1 downstream tasks scheduled from follow-on schedule check
