[2026-04-25T16:52:02.000+0000] {taskinstance.py:1956} INFO - Dependencies all met for dep_context=non-requeueable deps ti=<TaskInstance: fraud_data_load.create_stg_tables manual__2026-04-25T16:51:17.352710+00:00 [queued]>
[2026-04-25T16:52:02.009+0000] {taskinstance.py:1956} INFO - Dependencies all met for dep_context=requeueable deps ti=<TaskInstance: fraud_data_load.create_stg_tables manual__2026-04-25T16:51:17.352710+00:00 [queued]>
[2026-04-25T16:52:02.010+0000] {taskinstance.py:2170} INFO - Starting attempt 1 of 1
[2026-04-25T16:52:02.025+0000] {taskinstance.py:2191} INFO - Executing <Task(PythonOperator): create_stg_tables> on 2026-04-25 16:51:17.352710+00:00
[2026-04-25T16:52:02.031+0000] {standard_task_runner.py:60} INFO - Started process 89 to run task
[2026-04-25T16:52:02.034+0000] {standard_task_runner.py:87} INFO - Running: ['***', 'tasks', 'run', 'fraud_data_load', 'create_stg_tables', 'manual__2026-04-25T16:51:17.352710+00:00', '--job-id', '35', '--raw', '--subdir', 'DAGS_FOLDER/fraud_data_load.py', '--cfg-path', '/tmp/tmp_7skidmu']
[2026-04-25T16:52:02.035+0000] {standard_task_runner.py:88} INFO - Job 35: Subtask create_stg_tables
[2026-04-25T16:52:02.052+0000] {warnings.py:109} WARNING - /home/***/.local/lib/python3.9/site-packages/***/settings.py:194: DeprecationWarning: The sql_alchemy_conn option in [core] has been moved to the sql_alchemy_conn option in [database] - the old setting has been used, but please update your config.
  SQL_ALCHEMY_CONN = conf.get("database", "SQL_ALCHEMY_CONN")

[2026-04-25T16:52:02.082+0000] {task_command.py:423} INFO - Running <TaskInstance: fraud_data_load.create_stg_tables manual__2026-04-25T16:51:17.352710+00:00 [running]> on host 0b05c8bd5ead
[2026-04-25T16:52:02.157+0000] {taskinstance.py:2480} INFO - Exporting env vars: AIRFLOW_CTX_DAG_OWNER='***' AIRFLOW_CTX_DAG_ID='fraud_data_load' AIRFLOW_CTX_TASK_ID='create_stg_tables' AIRFLOW_CTX_EXECUTION_DATE='2026-04-25T16:51:17.352710+00:00' AIRFLOW_CTX_TRY_NUMBER='1' AIRFLOW_CTX_DAG_RUN_ID='manual__2026-04-25T16:51:17.352710+00:00'
[2026-04-25T16:52:02.166+0000] {base.py:83} INFO - Using connection ID 'postgres' for task execution.
[2026-04-25T16:52:02.166+0000] {sql.py:218} WARNING - This setter is for backward compatibility and should not be used.
Since the introduction of connection property, the providers listed below breaks due to assigning value to self.connection in their __init__ method.
* apache-***-providers-mysql<5.7.1
* apache-***-providers-elasticsearch<5.5.1
* apache-***-providers-postgres<5.13.0
[2026-04-25T16:52:02.205+0000] {sql.py:553} INFO - Running statement: CREATE SCHEMA IF NOT EXISTS stg;, parameters: None
[2026-04-25T16:52:02.266+0000] {sql.py:553} INFO - Running statement: 
        CREATE TABLE IF NOT EXISTS stg.transactions_data (
            "id" TEXT, "date" TEXT, "client_id" TEXT, "card_id" TEXT, "amount" TEXT, "use_chip" TEXT, "merchant_id" TEXT, "merchant_city" TEXT, "merchant_state" TEXT, "zip" TEXT, "mcc" TEXT, "errors" TEXT
        );
        , parameters: None
[2026-04-25T16:52:02.297+0000] {logging_mixin.py:188} INFO - Created table stg.transactions_data
[2026-04-25T16:52:02.331+0000] {sql.py:553} INFO - Running statement: 
        CREATE TABLE IF NOT EXISTS stg.cards_data (
            "id" TEXT, "client_id" TEXT, "card_brand" TEXT, "card_type" TEXT, "card_number" TEXT, "expires" TEXT, "cvv" TEXT, "has_chip" TEXT, "num_cards_issued" TEXT, "credit_limit" TEXT, "acct_open_date" TEXT, "year_pin_last_changed" TEXT, "card_on_dark_web" TEXT
        );
        , parameters: None
[2026-04-25T16:52:02.356+0000] {logging_mixin.py:188} INFO - Created table stg.cards_data
[2026-04-25T16:52:02.391+0000] {sql.py:553} INFO - Running statement: 
        CREATE TABLE IF NOT EXISTS stg.users_data (
            "id" TEXT, "current_age" TEXT, "retirement_age" TEXT, "birth_year" TEXT, "birth_month" TEXT, "gender" TEXT, "address" TEXT, "latitude" TEXT, "longitude" TEXT, "per_capita_income" TEXT, "yearly_income" TEXT, "total_debt" TEXT, "credit_score" TEXT, "num_credit_cards" TEXT
        );
        , parameters: None
[2026-04-25T16:52:02.419+0000] {logging_mixin.py:188} INFO - Created table stg.users_data
[2026-04-25T16:52:02.419+0000] {python.py:201} INFO - Done. Returned value was: None
[2026-04-25T16:52:02.431+0000] {taskinstance.py:1138} INFO - Marking task as SUCCESS. dag_id=fraud_data_load, task_id=create_stg_tables, execution_date=20260425T165117, start_date=20260425T165202, end_date=20260425T165202
[2026-04-25T16:52:02.487+0000] {local_task_job_runner.py:234} INFO - Task exited with return code 0
[2026-04-25T16:52:02.514+0000] {taskinstance.py:3280} INFO - 1 downstream tasks scheduled from follow-on schedule check
