[2026-05-03T17:47:22.820+0000] {taskinstance.py:1956} INFO - Dependencies all met for dep_context=non-requeueable deps ti=<TaskInstance: fraud_dwh_full_pipeline.ods_to_dds manual__2026-05-03T17:37:20.315696+00:00 [queued]>
[2026-05-03T17:47:22.828+0000] {taskinstance.py:1956} INFO - Dependencies all met for dep_context=requeueable deps ti=<TaskInstance: fraud_dwh_full_pipeline.ods_to_dds manual__2026-05-03T17:37:20.315696+00:00 [queued]>
[2026-05-03T17:47:22.828+0000] {taskinstance.py:2170} INFO - Starting attempt 2 of 2
[2026-05-03T17:47:22.841+0000] {taskinstance.py:2191} INFO - Executing <Task(PythonOperator): ods_to_dds> on 2026-05-03 17:37:20.315696+00:00
[2026-05-03T17:47:22.846+0000] {standard_task_runner.py:60} INFO - Started process 59 to run task
[2026-05-03T17:47:22.849+0000] {standard_task_runner.py:87} INFO - Running: ['***', 'tasks', 'run', 'fraud_dwh_full_pipeline', 'ods_to_dds', 'manual__2026-05-03T17:37:20.315696+00:00', '--job-id', '9', '--raw', '--subdir', 'DAGS_FOLDER/fraud_dwh_pipeline.py', '--cfg-path', '/tmp/tmpa0j_yzo7']
[2026-05-03T17:47:22.850+0000] {standard_task_runner.py:88} INFO - Job 9: Subtask ods_to_dds
[2026-05-03T17:47:22.865+0000] {warnings.py:109} WARNING - /home/***/.local/lib/python3.9/site-packages/***/settings.py:194: DeprecationWarning: The sql_alchemy_conn option in [core] has been moved to the sql_alchemy_conn option in [database] - the old setting has been used, but please update your config.
  SQL_ALCHEMY_CONN = conf.get("database", "SQL_ALCHEMY_CONN")

[2026-05-03T17:47:22.896+0000] {task_command.py:423} INFO - Running <TaskInstance: fraud_dwh_full_pipeline.ods_to_dds manual__2026-05-03T17:37:20.315696+00:00 [running]> on host 99ecb32bc6c5
[2026-05-03T17:47:22.954+0000] {taskinstance.py:2480} INFO - Exporting env vars: AIRFLOW_CTX_DAG_OWNER='***' AIRFLOW_CTX_DAG_ID='fraud_dwh_full_pipeline' AIRFLOW_CTX_TASK_ID='ods_to_dds' AIRFLOW_CTX_EXECUTION_DATE='2026-05-03T17:37:20.315696+00:00' AIRFLOW_CTX_TRY_NUMBER='2' AIRFLOW_CTX_DAG_RUN_ID='manual__2026-05-03T17:37:20.315696+00:00'
[2026-05-03T17:47:22.962+0000] {base.py:83} INFO - Using connection ID 'postgres' for task execution.
[2026-05-03T17:47:22.962+0000] {sql.py:218} WARNING - This setter is for backward compatibility and should not be used.
Since the introduction of connection property, the providers listed below breaks due to assigning value to self.connection in their __init__ method.
* apache-***-providers-mysql<5.7.1
* apache-***-providers-elasticsearch<5.5.1
* apache-***-providers-postgres<5.13.0
[2026-05-03T17:47:23.002+0000] {sql.py:553} INFO - Running statement: 
    CREATE SCHEMA IF NOT EXISTS dds;

    -- Dimension tables
    DROP TABLE IF EXISTS dds.dim_users;
    CREATE TABLE dds.dim_users AS
    SELECT DISTINCT
        user_id,
        current_age,
        retirement_age,
        birth_year,
        birth_month,
        gender,
        latitude,
        longitude,
        per_capita_income,
        yearly_income,
        total_debt,
        credit_score,
        num_credit_cards
    FROM ods.users;

    DROP TABLE IF EXISTS dds.dim_cards;
    CREATE TABLE dds.dim_cards AS
    SELECT DISTINCT
        card_id,
        user_id,
        card_brand,
        card_type,
        card_number_masked,
        expires_raw,
        cvv_raw,
        has_chip_flag,
        num_cards_issued,
        credit_limit,
        acct_open_date_raw,
        year_pin_last_changed,
        card_on_dark_web_flag
    FROM ods.cards;

    DROP TABLE IF EXISTS dds.dim_mcc;
    CREATE TABLE dds.dim_mcc AS
    SELECT DISTINCT
        mcc_code,
        mcc_description
    FROM ods.mcc_codes;

    -- Fact table
    DROP TABLE IF EXISTS dds.fact_transactions;
    CREATE TABLE dds.fact_transactions AS
    SELECT
        transaction_id,
        transaction_ts,
        user_id,
        card_id,
        mcc_code,
        amount,
        use_chip_flag,
        merchant_id,
        merchant_city,
        merchant_state,
        merchant_zip,
        transaction_errors,
        is_fraud_flag,
        -- Derived business attributes
        CASE
            WHEN credit_score >= 750 THEN 'A'
            WHEN credit_score >= 650 THEN 'B'
            WHEN credit_score >= 550 THEN 'C'
            ELSE 'D'
        END AS credit_segment,
        CASE
            WHEN amount > 1000 THEN 'high_value'
            WHEN amount > 100 THEN 'medium_value'
            ELSE 'low_value'
        END AS transaction_value_segment
    FROM ods.transactions t
    LEFT JOIN ods.users u ON t.user_id = u.user_id
    LEFT JOIN ods.cards c ON t.card_id = c.card_id
    LEFT JOIN ods.fraud_labels fl ON t.transaction_id = fl.transaction_id;
    , parameters: None
[2026-05-03T17:47:23.068+0000] {taskinstance.py:2698} ERROR - Task failed with exception
Traceback (most recent call last):
  File "/home/airflow/.local/lib/python3.9/site-packages/airflow/models/taskinstance.py", line 433, in _execute_task
    result = execute_callable(context=context, **execute_callable_kwargs)
  File "/home/airflow/.local/lib/python3.9/site-packages/airflow/operators/python.py", line 199, in execute
    return_value = self.execute_callable()
  File "/home/airflow/.local/lib/python3.9/site-packages/airflow/operators/python.py", line 216, in execute_callable
    return self.python_callable(*self.op_args, **self.op_kwargs)
  File "/opt/airflow/dags/tasks/dwh_pipeline/ods_to_dds.py", line 89, in load_ods_to_dds
    hook.run(sql)
  File "/home/airflow/.local/lib/python3.9/site-packages/airflow/providers/common/sql/hooks/sql.py", line 498, in run
    self._run_command(cur, sql_statement, parameters)
  File "/home/airflow/.local/lib/python3.9/site-packages/airflow/providers/common/sql/hooks/sql.py", line 558, in _run_command
    cur.execute(sql_statement)
psycopg2.errors.AmbiguousColumn: column reference "transaction_id" is ambiguous
LINE 52:         transaction_id,
                 ^

[2026-05-03T17:47:23.076+0000] {taskinstance.py:1138} INFO - Marking task as FAILED. dag_id=fraud_dwh_full_pipeline, task_id=ods_to_dds, execution_date=20260503T173720, start_date=20260503T174722, end_date=20260503T174723
[2026-05-03T17:47:23.086+0000] {standard_task_runner.py:107} ERROR - Failed to execute job 9 for task ods_to_dds (column reference "transaction_id" is ambiguous
LINE 52:         transaction_id,
                 ^
; 59)
[2026-05-03T17:47:23.100+0000] {local_task_job_runner.py:234} INFO - Task exited with return code 1
[2026-05-03T17:47:23.122+0000] {taskinstance.py:3280} INFO - 0 downstream tasks scheduled from follow-on schedule check
