[2026-05-03T18:03:20.885+0000] {taskinstance.py:1956} INFO - Dependencies all met for dep_context=non-requeueable deps ti=<TaskInstance: fraud_dwh_full_pipeline.ods_to_dds manual__2026-05-03T17:37:20.315696+00:00 [queued]>
[2026-05-03T18:03:20.892+0000] {taskinstance.py:1956} INFO - Dependencies all met for dep_context=requeueable deps ti=<TaskInstance: fraud_dwh_full_pipeline.ods_to_dds manual__2026-05-03T17:37:20.315696+00:00 [queued]>
[2026-05-03T18:03:20.893+0000] {taskinstance.py:2170} INFO - Starting attempt 3 of 4
[2026-05-03T18:03:20.905+0000] {taskinstance.py:2191} INFO - Executing <Task(PythonOperator): ods_to_dds> on 2026-05-03 17:37:20.315696+00:00
[2026-05-03T18:03:20.910+0000] {standard_task_runner.py:60} INFO - Started process 61 to run task
[2026-05-03T18:03:20.912+0000] {standard_task_runner.py:87} INFO - Running: ['***', 'tasks', 'run', 'fraud_dwh_full_pipeline', 'ods_to_dds', 'manual__2026-05-03T17:37:20.315696+00:00', '--job-id', '10', '--raw', '--subdir', 'DAGS_FOLDER/fraud_dwh_pipeline.py', '--cfg-path', '/tmp/tmpi_1aflft']
[2026-05-03T18:03:20.913+0000] {standard_task_runner.py:88} INFO - Job 10: Subtask ods_to_dds
[2026-05-03T18:03:20.929+0000] {warnings.py:109} WARNING - /home/***/.local/lib/python3.9/site-packages/***/settings.py:194: DeprecationWarning: The sql_alchemy_conn option in [core] has been moved to the sql_alchemy_conn option in [database] - the old setting has been used, but please update your config.
  SQL_ALCHEMY_CONN = conf.get("database", "SQL_ALCHEMY_CONN")

[2026-05-03T18:03:20.954+0000] {task_command.py:423} INFO - Running <TaskInstance: fraud_dwh_full_pipeline.ods_to_dds manual__2026-05-03T17:37:20.315696+00:00 [running]> on host 99ecb32bc6c5
[2026-05-03T18:03:21.017+0000] {taskinstance.py:2480} INFO - Exporting env vars: AIRFLOW_CTX_DAG_OWNER='***' AIRFLOW_CTX_DAG_ID='fraud_dwh_full_pipeline' AIRFLOW_CTX_TASK_ID='ods_to_dds' AIRFLOW_CTX_EXECUTION_DATE='2026-05-03T17:37:20.315696+00:00' AIRFLOW_CTX_TRY_NUMBER='3' AIRFLOW_CTX_DAG_RUN_ID='manual__2026-05-03T17:37:20.315696+00:00'
[2026-05-03T18:03:21.024+0000] {base.py:83} INFO - Using connection ID 'postgres' for task execution.
[2026-05-03T18:03:21.024+0000] {sql.py:218} WARNING - This setter is for backward compatibility and should not be used.
Since the introduction of connection property, the providers listed below breaks due to assigning value to self.connection in their __init__ method.
* apache-***-providers-mysql<5.7.1
* apache-***-providers-elasticsearch<5.5.1
* apache-***-providers-postgres<5.13.0
[2026-05-03T18:03:21.066+0000] {sql.py:553} INFO - Running statement: 
    CREATE SCHEMA IF NOT EXISTS dds;

    -- Dimension tables
    DROP TABLE IF EXISTS dds.dim_users;
    CREATE TABLE dds.dim_users AS
    SELECT DISTINCT
        user_id,
        current_age,
        retirement_age,
        birth_year,
        birth_month,
        gender,
        latitude,
        longitude,
        per_capita_income,
        yearly_income,
        total_debt,
        credit_score,
        num_credit_cards
    FROM ods.users;

    DROP TABLE IF EXISTS dds.dim_cards;
    CREATE TABLE dds.dim_cards AS
    SELECT DISTINCT
        card_id,
        user_id,
        card_brand,
        card_type,
        card_number_masked,
        expires_raw,
        cvv_raw,
        has_chip_flag,
        num_cards_issued,
        credit_limit,
        acct_open_date_raw,
        year_pin_last_changed,
        card_on_dark_web_flag
    FROM ods.cards;

    DROP TABLE IF EXISTS dds.dim_mcc;
    CREATE TABLE dds.dim_mcc AS
    SELECT DISTINCT
        mcc_code,
        mcc_description
    FROM ods.mcc_codes;

  -- Fact table
    DROP TABLE IF EXISTS dds.fact_transactions;
    CREATE TABLE dds.fact_transactions AS
    SELECT
        t.transaction_id,
        t.transaction_ts,
        t.user_id,
        t.card_id,
        t.mcc_code,
        t.amount,
        t.use_chip_flag,
        t.merchant_id,
        t.merchant_city,
        t.merchant_state,
        t.merchant_zip,
        t.transaction_errors,
        COALESCE(fl.is_fraud_flag, false) as is_fraud_flag,
        CASE
            WHEN u.credit_score >= 750 THEN 'A'
            WHEN u.credit_score >= 650 THEN 'B'
            WHEN u.credit_score >= 550 THEN 'C'
            ELSE 'D'
        END AS credit_segment,
        CASE
            WHEN t.amount > 1000 THEN 'high_value'
            WHEN t.amount > 100 THEN 'medium_value'
            ELSE 'low_value'
        END AS transaction_value_segment
    FROM ods.transactions t
    LEFT JOIN ods.users u ON t.user_id = u.user_id
    LEFT JOIN ods.cards c ON t.card_id = c.card_id
    LEFT JOIN ods.fraud_labels fl ON t.transaction_id = fl.transaction_id; , parameters: None
[2026-05-03T18:12:43.824+0000] {sql.py:562} INFO - Rows affected: 13305915
[2026-05-03T18:12:44.835+0000] {python.py:201} INFO - Done. Returned value was: None
[2026-05-03T18:12:44.843+0000] {taskinstance.py:1138} INFO - Marking task as SUCCESS. dag_id=fraud_dwh_full_pipeline, task_id=ods_to_dds, execution_date=20260503T173720, start_date=20260503T180320, end_date=20260503T181244
[2026-05-03T18:12:44.890+0000] {local_task_job_runner.py:234} INFO - Task exited with return code 0
[2026-05-03T18:12:44.908+0000] {taskinstance.py:3280} INFO - 1 downstream tasks scheduled from follow-on schedule check
