[2026-04-16T19:16:16.567+0000] {taskinstance.py:1956} INFO - Dependencies all met for dep_context=non-requeueable deps ti=<TaskInstance: fraud_data_load.download_dataset manual__2026-04-16T19:16:15.200042+00:00 [queued]>
[2026-04-16T19:16:16.577+0000] {taskinstance.py:1956} INFO - Dependencies all met for dep_context=requeueable deps ti=<TaskInstance: fraud_data_load.download_dataset manual__2026-04-16T19:16:15.200042+00:00 [queued]>
[2026-04-16T19:16:16.577+0000] {taskinstance.py:2170} INFO - Starting attempt 1 of 1
[2026-04-16T19:16:16.592+0000] {taskinstance.py:2191} INFO - Executing <Task(PythonOperator): download_dataset> on 2026-04-16 19:16:15.200042+00:00
[2026-04-16T19:16:16.597+0000] {standard_task_runner.py:60} INFO - Started process 45 to run task
[2026-04-16T19:16:16.600+0000] {standard_task_runner.py:87} INFO - Running: ['***', 'tasks', 'run', 'fraud_data_load', 'download_dataset', 'manual__2026-04-16T19:16:15.200042+00:00', '--job-id', '11', '--raw', '--subdir', 'DAGS_FOLDER/fraud_data_load.py', '--cfg-path', '/tmp/tmpgr8m0zu6']
[2026-04-16T19:16:16.601+0000] {standard_task_runner.py:88} INFO - Job 11: Subtask download_dataset
[2026-04-16T19:16:16.615+0000] {warnings.py:109} WARNING - /home/***/.local/lib/python3.9/site-packages/***/settings.py:194: DeprecationWarning: The sql_alchemy_conn option in [core] has been moved to the sql_alchemy_conn option in [database] - the old setting has been used, but please update your config.
  SQL_ALCHEMY_CONN = conf.get("database", "SQL_ALCHEMY_CONN")

[2026-04-16T19:16:16.646+0000] {task_command.py:423} INFO - Running <TaskInstance: fraud_data_load.download_dataset manual__2026-04-16T19:16:15.200042+00:00 [running]> on host ebaca7a95827
[2026-04-16T19:16:16.717+0000] {taskinstance.py:2480} INFO - Exporting env vars: AIRFLOW_CTX_DAG_OWNER='***' AIRFLOW_CTX_DAG_ID='fraud_data_load' AIRFLOW_CTX_TASK_ID='download_dataset' AIRFLOW_CTX_EXECUTION_DATE='2026-04-16T19:16:15.200042+00:00' AIRFLOW_CTX_TRY_NUMBER='1' AIRFLOW_CTX_DAG_RUN_ID='manual__2026-04-16T19:16:15.200042+00:00'
[2026-04-16T19:16:16.718+0000] {taskinstance.py:2698} ERROR - Task failed with exception
Traceback (most recent call last):
  File "/home/airflow/.local/lib/python3.9/site-packages/airflow/models/taskinstance.py", line 433, in _execute_task
    result = execute_callable(context=context, **execute_callable_kwargs)
  File "/home/airflow/.local/lib/python3.9/site-packages/airflow/operators/python.py", line 199, in execute
    return_value = self.execute_callable()
  File "/home/airflow/.local/lib/python3.9/site-packages/airflow/operators/python.py", line 216, in execute_callable
    return self.python_callable(*self.op_args, **self.op_kwargs)
  File "/opt/airflow/dags/fraud_data_load.py", line 12, in download_dataset
    with open(token_file) as f:
FileNotFoundError: [Errno 2] No such file or directory: '/opt/airflow/dags/kaggle_token.txt'
[2026-04-16T19:16:16.725+0000] {taskinstance.py:1138} INFO - Marking task as FAILED. dag_id=fraud_data_load, task_id=download_dataset, execution_date=20260416T191615, start_date=20260416T191616, end_date=20260416T191616
[2026-04-16T19:16:16.737+0000] {standard_task_runner.py:107} ERROR - Failed to execute job 11 for task download_dataset ([Errno 2] No such file or directory: '/opt/airflow/dags/kaggle_token.txt'; 45)
[2026-04-16T19:16:16.773+0000] {local_task_job_runner.py:234} INFO - Task exited with return code 1
[2026-04-16T19:16:16.789+0000] {taskinstance.py:3280} INFO - 0 downstream tasks scheduled from follow-on schedule check
