[2026-04-25T17:40:27.263+0000] {taskinstance.py:1956} INFO - Dependencies all met for dep_context=non-requeueable deps ti=<TaskInstance: fraud_data_load.create_stg_tables manual__2026-04-25T17:39:50.023258+00:00 [queued]>
[2026-04-25T17:40:27.414+0000] {taskinstance.py:1956} INFO - Dependencies all met for dep_context=requeueable deps ti=<TaskInstance: fraud_data_load.create_stg_tables manual__2026-04-25T17:39:50.023258+00:00 [queued]>
[2026-04-25T17:40:27.414+0000] {taskinstance.py:2170} INFO - Starting attempt 1 of 1
[2026-04-25T17:40:27.428+0000] {taskinstance.py:2191} INFO - Executing <Task(PythonOperator): create_stg_tables> on 2026-04-25 17:39:50.023258+00:00
[2026-04-25T17:40:27.435+0000] {standard_task_runner.py:60} INFO - Started process 149 to run task
[2026-04-25T17:40:27.438+0000] {standard_task_runner.py:87} INFO - Running: ['***', 'tasks', 'run', 'fraud_data_load', 'create_stg_tables', 'manual__2026-04-25T17:39:50.023258+00:00', '--job-id', '42', '--raw', '--subdir', 'DAGS_FOLDER/fraud_data_load.py', '--cfg-path', '/tmp/tmpa9ftzujg']
[2026-04-25T17:40:27.441+0000] {standard_task_runner.py:88} INFO - Job 42: Subtask create_stg_tables
[2026-04-25T17:40:27.453+0000] {warnings.py:109} WARNING - /home/***/.local/lib/python3.9/site-packages/***/settings.py:194: DeprecationWarning: The sql_alchemy_conn option in [core] has been moved to the sql_alchemy_conn option in [database] - the old setting has been used, but please update your config.
  SQL_ALCHEMY_CONN = conf.get("database", "SQL_ALCHEMY_CONN")

[2026-04-25T17:40:27.484+0000] {task_command.py:423} INFO - Running <TaskInstance: fraud_data_load.create_stg_tables manual__2026-04-25T17:39:50.023258+00:00 [running]> on host 0b05c8bd5ead
[2026-04-25T17:40:27.572+0000] {taskinstance.py:2480} INFO - Exporting env vars: AIRFLOW_CTX_DAG_OWNER='***' AIRFLOW_CTX_DAG_ID='fraud_data_load' AIRFLOW_CTX_TASK_ID='create_stg_tables' AIRFLOW_CTX_EXECUTION_DATE='2026-04-25T17:39:50.023258+00:00' AIRFLOW_CTX_TRY_NUMBER='1' AIRFLOW_CTX_DAG_RUN_ID='manual__2026-04-25T17:39:50.023258+00:00'
[2026-04-25T17:40:27.588+0000] {taskinstance.py:2698} ERROR - Task failed with exception
Traceback (most recent call last):
  File "/home/airflow/.local/lib/python3.9/site-packages/airflow/models/taskinstance.py", line 433, in _execute_task
    result = execute_callable(context=context, **execute_callable_kwargs)
  File "/home/airflow/.local/lib/python3.9/site-packages/airflow/operators/python.py", line 199, in execute
    return_value = self.execute_callable()
  File "/home/airflow/.local/lib/python3.9/site-packages/airflow/operators/python.py", line 216, in execute_callable
    return self.python_callable(*self.op_args, **self.op_kwargs)
  File "/opt/airflow/dags/tasks/load_data/create_stg_tables.py", line 18, in create_stg_tables
    hook = PostgresHook(postgres_conn_id="postgres_fraud")
  File "/home/airflow/.local/lib/python3.9/site-packages/airflow/providers/postgres/hooks/postgres.py", line 87, in __init__
    self.connection: Connection | None = kwargs.pop("connection", None)
  File "/home/airflow/.local/lib/python3.9/site-packages/airflow/providers/common/sql/hooks/sql.py", line 217, in connection
    if value != self.connection:
  File "/home/airflow/.local/lib/python3.9/site-packages/airflow/providers/common/sql/hooks/sql.py", line 212, in connection
    self._connection = self.get_connection(self.get_conn_id())
  File "/home/airflow/.local/lib/python3.9/site-packages/airflow/hooks/base.py", line 82, in get_connection
    conn = Connection.get_connection_from_secrets(conn_id)
  File "/home/airflow/.local/lib/python3.9/site-packages/airflow/models/connection.py", line 479, in get_connection_from_secrets
    raise AirflowNotFoundException(f"The conn_id `{conn_id}` isn't defined")
airflow.exceptions.AirflowNotFoundException: The conn_id `postgres_fraud` isn't defined
[2026-04-25T17:40:27.596+0000] {taskinstance.py:1138} INFO - Marking task as FAILED. dag_id=fraud_data_load, task_id=create_stg_tables, execution_date=20260425T173950, start_date=20260425T174027, end_date=20260425T174027
[2026-04-25T17:40:27.611+0000] {standard_task_runner.py:107} ERROR - Failed to execute job 42 for task create_stg_tables (The conn_id `postgres_fraud` isn't defined; 149)
[2026-04-25T17:40:27.650+0000] {local_task_job_runner.py:234} INFO - Task exited with return code 1
[2026-04-25T17:40:27.675+0000] {taskinstance.py:3280} INFO - 0 downstream tasks scheduled from follow-on schedule check
