[2026-05-03T17:01:24.440+0000] {taskinstance.py:1956} INFO - Dependencies all met for dep_context=non-requeueable deps ti=<TaskInstance: fraud_stg_to_ods_pipeline.stg_to_ods manual__2026-05-03T17:01:22.742033+00:00 [queued]>
[2026-05-03T17:01:24.448+0000] {taskinstance.py:1956} INFO - Dependencies all met for dep_context=requeueable deps ti=<TaskInstance: fraud_stg_to_ods_pipeline.stg_to_ods manual__2026-05-03T17:01:22.742033+00:00 [queued]>
[2026-05-03T17:01:24.449+0000] {taskinstance.py:2170} INFO - Starting attempt 1 of 2
[2026-05-03T17:01:24.460+0000] {taskinstance.py:2191} INFO - Executing <Task(PythonOperator): stg_to_ods> on 2026-05-03 17:01:22.742033+00:00
[2026-05-03T17:01:24.464+0000] {standard_task_runner.py:60} INFO - Started process 47 to run task
[2026-05-03T17:01:24.466+0000] {standard_task_runner.py:87} INFO - Running: ['***', 'tasks', 'run', 'fraud_stg_to_ods_pipeline', 'stg_to_ods', 'manual__2026-05-03T17:01:22.742033+00:00', '--job-id', '3', '--raw', '--subdir', 'DAGS_FOLDER/fraud_dwh_pipeline.py', '--cfg-path', '/tmp/tmpf62za7ru']
[2026-05-03T17:01:24.467+0000] {standard_task_runner.py:88} INFO - Job 3: Subtask stg_to_ods
[2026-05-03T17:01:24.481+0000] {warnings.py:109} WARNING - /home/***/.local/lib/python3.9/site-packages/***/settings.py:194: DeprecationWarning: The sql_alchemy_conn option in [core] has been moved to the sql_alchemy_conn option in [database] - the old setting has been used, but please update your config.
  SQL_ALCHEMY_CONN = conf.get("database", "SQL_ALCHEMY_CONN")

[2026-05-03T17:01:24.507+0000] {task_command.py:423} INFO - Running <TaskInstance: fraud_stg_to_ods_pipeline.stg_to_ods manual__2026-05-03T17:01:22.742033+00:00 [running]> on host 99ecb32bc6c5
[2026-05-03T17:01:24.564+0000] {taskinstance.py:2480} INFO - Exporting env vars: AIRFLOW_CTX_DAG_OWNER='***' AIRFLOW_CTX_DAG_ID='fraud_stg_to_ods_pipeline' AIRFLOW_CTX_TASK_ID='stg_to_ods' AIRFLOW_CTX_EXECUTION_DATE='2026-05-03T17:01:22.742033+00:00' AIRFLOW_CTX_TRY_NUMBER='1' AIRFLOW_CTX_DAG_RUN_ID='manual__2026-05-03T17:01:22.742033+00:00'
[2026-05-03T17:01:24.576+0000] {taskinstance.py:2698} ERROR - Task failed with exception
Traceback (most recent call last):
  File "/home/airflow/.local/lib/python3.9/site-packages/airflow/models/taskinstance.py", line 433, in _execute_task
    result = execute_callable(context=context, **execute_callable_kwargs)
  File "/home/airflow/.local/lib/python3.9/site-packages/airflow/operators/python.py", line 199, in execute
    return_value = self.execute_callable()
  File "/home/airflow/.local/lib/python3.9/site-packages/airflow/operators/python.py", line 216, in execute_callable
    return self.python_callable(*self.op_args, **self.op_kwargs)
  File "/opt/airflow/dags/tasks/dwh_pipeline/stg_to_ods.py", line 5, in load_stg_to_ods
    hook = PostgresHook(postgres_conn_id="postgres")
  File "/home/airflow/.local/lib/python3.9/site-packages/airflow/providers/postgres/hooks/postgres.py", line 87, in __init__
    self.connection: Connection | None = kwargs.pop("connection", None)
  File "/home/airflow/.local/lib/python3.9/site-packages/airflow/providers/common/sql/hooks/sql.py", line 217, in connection
    if value != self.connection:
  File "/home/airflow/.local/lib/python3.9/site-packages/airflow/providers/common/sql/hooks/sql.py", line 212, in connection
    self._connection = self.get_connection(self.get_conn_id())
  File "/home/airflow/.local/lib/python3.9/site-packages/airflow/hooks/base.py", line 82, in get_connection
    conn = Connection.get_connection_from_secrets(conn_id)
  File "/home/airflow/.local/lib/python3.9/site-packages/airflow/models/connection.py", line 479, in get_connection_from_secrets
    raise AirflowNotFoundException(f"The conn_id `{conn_id}` isn't defined")
airflow.exceptions.AirflowNotFoundException: The conn_id `postgres` isn't defined
[2026-05-03T17:01:24.581+0000] {taskinstance.py:1138} INFO - Marking task as UP_FOR_RETRY. dag_id=fraud_stg_to_ods_pipeline, task_id=stg_to_ods, execution_date=20260503T170122, start_date=20260503T170124, end_date=20260503T170124
[2026-05-03T17:01:24.590+0000] {standard_task_runner.py:107} ERROR - Failed to execute job 3 for task stg_to_ods (The conn_id `postgres` isn't defined; 47)
[2026-05-03T17:01:24.598+0000] {local_task_job_runner.py:234} INFO - Task exited with return code 1
[2026-05-03T17:01:24.613+0000] {taskinstance.py:3280} INFO - 0 downstream tasks scheduled from follow-on schedule check
