[2026-05-03T17:06:25.465+0000] {taskinstance.py:1956} INFO - Dependencies all met for dep_context=non-requeueable deps ti=<TaskInstance: fraud_stg_to_ods_pipeline.stg_to_ods manual__2026-05-03T17:01:22.742033+00:00 [queued]>
[2026-05-03T17:06:25.473+0000] {taskinstance.py:1956} INFO - Dependencies all met for dep_context=requeueable deps ti=<TaskInstance: fraud_stg_to_ods_pipeline.stg_to_ods manual__2026-05-03T17:01:22.742033+00:00 [queued]>
[2026-05-03T17:06:25.473+0000] {taskinstance.py:2170} INFO - Starting attempt 2 of 2
[2026-05-03T17:06:25.484+0000] {taskinstance.py:2191} INFO - Executing <Task(PythonOperator): stg_to_ods> on 2026-05-03 17:01:22.742033+00:00
[2026-05-03T17:06:25.489+0000] {standard_task_runner.py:60} INFO - Started process 49 to run task
[2026-05-03T17:06:25.492+0000] {standard_task_runner.py:87} INFO - Running: ['***', 'tasks', 'run', 'fraud_stg_to_ods_pipeline', 'stg_to_ods', 'manual__2026-05-03T17:01:22.742033+00:00', '--job-id', '4', '--raw', '--subdir', 'DAGS_FOLDER/fraud_dwh_pipeline.py', '--cfg-path', '/tmp/tmpqqtomk0r']
[2026-05-03T17:06:25.493+0000] {standard_task_runner.py:88} INFO - Job 4: Subtask stg_to_ods
[2026-05-03T17:06:25.506+0000] {warnings.py:109} WARNING - /home/***/.local/lib/python3.9/site-packages/***/settings.py:194: DeprecationWarning: The sql_alchemy_conn option in [core] has been moved to the sql_alchemy_conn option in [database] - the old setting has been used, but please update your config.
  SQL_ALCHEMY_CONN = conf.get("database", "SQL_ALCHEMY_CONN")

[2026-05-03T17:06:25.532+0000] {task_command.py:423} INFO - Running <TaskInstance: fraud_stg_to_ods_pipeline.stg_to_ods manual__2026-05-03T17:01:22.742033+00:00 [running]> on host 99ecb32bc6c5
[2026-05-03T17:06:25.591+0000] {taskinstance.py:2480} INFO - Exporting env vars: AIRFLOW_CTX_DAG_OWNER='***' AIRFLOW_CTX_DAG_ID='fraud_stg_to_ods_pipeline' AIRFLOW_CTX_TASK_ID='stg_to_ods' AIRFLOW_CTX_EXECUTION_DATE='2026-05-03T17:01:22.742033+00:00' AIRFLOW_CTX_TRY_NUMBER='2' AIRFLOW_CTX_DAG_RUN_ID='manual__2026-05-03T17:01:22.742033+00:00'
[2026-05-03T17:06:25.598+0000] {base.py:83} INFO - Using connection ID 'postgres' for task execution.
[2026-05-03T17:06:25.598+0000] {sql.py:218} WARNING - This setter is for backward compatibility and should not be used.
Since the introduction of connection property, the providers listed below breaks due to assigning value to self.connection in their __init__ method.
* apache-***-providers-mysql<5.7.1
* apache-***-providers-elasticsearch<5.5.1
* apache-***-providers-postgres<5.13.0
[2026-05-03T17:08:35.399+0000] {taskinstance.py:2698} ERROR - Task failed with exception
Traceback (most recent call last):
  File "/home/airflow/.local/lib/python3.9/site-packages/airflow/models/taskinstance.py", line 433, in _execute_task
    result = execute_callable(context=context, **execute_callable_kwargs)
  File "/home/airflow/.local/lib/python3.9/site-packages/airflow/operators/python.py", line 199, in execute
    return_value = self.execute_callable()
  File "/home/airflow/.local/lib/python3.9/site-packages/airflow/operators/python.py", line 216, in execute_callable
    return self.python_callable(*self.op_args, **self.op_kwargs)
  File "/opt/airflow/dags/tasks/dwh_pipeline/stg_to_ods.py", line 96, in load_stg_to_ods
    hook.run(sql)
  File "/home/airflow/.local/lib/python3.9/site-packages/airflow/providers/common/sql/hooks/sql.py", line 494, in run
    with self._create_autocommit_connection(autocommit) as conn:
  File "/usr/local/lib/python3.9/contextlib.py", line 119, in __enter__
    return next(self.gen)
  File "/home/airflow/.local/lib/python3.9/site-packages/airflow/providers/common/sql/hooks/sql.py", line 618, in _create_autocommit_connection
    with closing(self.get_conn()) as conn:
  File "/home/airflow/.local/lib/python3.9/site-packages/airflow/providers/postgres/hooks/postgres.py", line 158, in get_conn
    self.conn = psycopg2.connect(**conn_args)
  File "/home/airflow/.local/lib/python3.9/site-packages/psycopg2/__init__.py", line 122, in connect
    conn = _connect(dsn, connection_factory=connection_factory, **kwasync)
psycopg2.OperationalError: connection to server at "rc1b-94p51m69qm8gsaeu.mdb.yandexcloud.net" (10.129.0.6), port 5432 failed: Connection timed out
	Is the server running on that host and accepting TCP/IP connections?

[2026-05-03T17:08:35.410+0000] {taskinstance.py:1138} INFO - Marking task as FAILED. dag_id=fraud_stg_to_ods_pipeline, task_id=stg_to_ods, execution_date=20260503T170122, start_date=20260503T170625, end_date=20260503T170835
[2026-05-03T17:08:35.420+0000] {standard_task_runner.py:107} ERROR - Failed to execute job 4 for task stg_to_ods (connection to server at "rc1b-94p51m69qm8gsaeu.mdb.yandexcloud.net" (10.129.0.6), port 5432 failed: Connection timed out
	Is the server running on that host and accepting TCP/IP connections?
; 49)
[2026-05-03T17:08:35.462+0000] {local_task_job_runner.py:234} INFO - Task exited with return code 1
[2026-05-03T17:08:35.475+0000] {taskinstance.py:3280} INFO - 0 downstream tasks scheduled from follow-on schedule check
